<?xml version="1.0" encoding="UTF-8"?>
<!-- Generated by org.testng.reporters.JUnitReportReporter -->
<testsuite hostname="Eugenio-PC" name="insynctive.tests.CreatePersonTest" tests="2" failures="0" timestamp="21 Aug 2015 22:56:06 GMT" time="139,109" errors="0">
  <testcase name="loginTest" time="30,852" classname="insynctive.tests.CreatePersonTest"/>
  <testcase name="createPersonTest" time="108,257" classname="insynctive.tests.CreatePersonTest"/>
</testsuite>
