<?xml version="1.0" encoding="UTF-8"?>
<!-- Generated by org.testng.reporters.JUnitReportReporter -->
<testsuite hostname="Eugenio-PC" name="insynctive.tests.CreateChecklistsTest" tests="1" failures="1" timestamp="1 Jul 2015 16:43:08 GMT" time="114,996" errors="0">
  <testcase name="createChecklistTest" time="114,996" classname="insynctive.tests.CreateChecklistsTest">
    <failure type="org.openqa.selenium.WebDriverException" message="Failed to connect to binary FirefoxBinary(C:\Program Files (x86)\Mozilla Firefox\firefox.exe) on port 7055; process output follows: 
all&quot;,&quot;description&quot;:&quot;Skype Click to Call&quot;,&quot;creator&quot;:&quot;Microsoft Corporation&quot;,&quot;homepageURL&quot;:&quot;https://support.skype.com/category/SKYPE_CALLS_FROM_BROWSERS/&quot;},&quot;visible&quot;:true,&quot;active&quot;:true,&quot;userDisabled&quot;:false,&quot;appDisabled&quot;:false,&quot;descriptor&quot;:&quot;C:\\Program Files (x86)\\Mozilla Firefox\\browser\\extensions\\{82AF8DCA-6DE9-405D-BD5E-43525BDAD38A}.xpi&quot;,&quot;installDate&quot;:1430489838000,&quot;updateDate&quot;:1430489838000,&quot;applyBackgroundUpdates&quot;:1,&quot;bootstrap&quot;:true,&quot;size&quot;:319626,&quot;sourceURI&quot;:null,&quot;releaseNotesURI&quot;:null,&quot;softDisabled&quot;:false,&quot;foreignInstall&quot;:true,&quot;hasBinaryComponents&quot;:false,&quot;strictCompatibility&quot;:false,&quot;locales&quot;:[],&quot;targetApplications&quot;:[{&quot;id&quot;:&quot;{ec8030f7-c20a-464f-9b0e-13a3a9e97384}&quot;,&quot;minVersion&quot;:&quot;21.0&quot;,&quot;maxVersion&quot;:&quot;25.0a1&quot;}],&quot;targetPlatforms&quot;:[],&quot;multiprocessCompatible&quot;:false}
1435768879032	addons.xpi	DEBUG	getModTime: Recursive scan of {82AF8DCA-6DE9-405D-BD5E-43525BDAD38A}
1435768879037	addons.xpi	DEBUG	Loading bootstrap scope from C:\Program Files (x86)\Mozilla Firefox\browser\extensions\{82AF8DCA-6DE9-405D-BD5E-43525BDAD38A}.xpi
1435768879044	addons.xpi	DEBUG	Calling bootstrap method install on {82AF8DCA-6DE9-405D-BD5E-43525BDAD38A} version 7.4.0.9058
1435768879045	addons.xpi	DEBUG	New add-on {972ce4c6-7e08-4474-a285-3208198ce6fd} installed in app-global
1435768879074	addons.xpi-utils	DEBUG	Make addon app-global:{972ce4c6-7e08-4474-a285-3208198ce6fd} visible
1435768879074	DeferredSave.extensions.json	DEBUG	Save changes
1435768879074	DeferredSave.extensions.json	DEBUG	Save changes
1435768879074	addons.xpi	DEBUG	Updating XPIState for {&quot;id&quot;:&quot;{972ce4c6-7e08-4474-a285-3208198ce6fd}&quot;,&quot;syncGUID&quot;:&quot;H0vlNVrMPsyp&quot;,&quot;location&quot;:&quot;app-global&quot;,&quot;version&quot;:&quot;38.0.5&quot;,&quot;type&quot;:&quot;theme&quot;,&quot;internalName&quot;:&quot;classic/1.0&quot;,&quot;updateURL&quot;:null,&quot;updateKey&quot;:null,&quot;optionsURL&quot;:null,&quot;optionsType&quot;:null,&quot;aboutURL&quot;:null,&quot;iconURL&quot;:null,&quot;icon64URL&quot;:null,&quot;defaultLocale&quot;:{&quot;name&quot;:&quot;Default&quot;,&quot;description&quot;:&quot;The default theme.&quot;,&quot;creator&quot;:&quot;Mozilla&quot;,&quot;homepageURL&quot;:null,&quot;contributors&quot;:[&quot;Mozilla Contributors&quot;]},&quot;visible&quot;:true,&quot;active&quot;:true,&quot;userDisabled&quot;:false,&quot;appDisabled&quot;:false,&quot;descriptor&quot;:&quot;C:\\Program Files (x86)\\Mozilla Firefox\\browser\\extensions\\{972ce4c6-7e08-4474-a285-3208198ce6fd}&quot;,&quot;installDate&quot;:1433783789296,&quot;updateDate&quot;:1433783789296,&quot;applyBackgroundUpdates&quot;:1,&quot;skinnable&quot;:true,&quot;size&quot;:3175,&quot;sourceURI&quot;:null,&quot;releaseNotesURI&quot;:null,&quot;softDisabled&quot;:false,&quot;foreignInstall&quot;:false,&quot;hasBinaryComponents&quot;:false,&quot;strictCompatibility&quot;:true,&quot;locales&quot;:[],&quot;targetApplications&quot;:[{&quot;id&quot;:&quot;{ec8030f7-c20a-464f-9b0e-13a3a9e97384}&quot;,&quot;minVersion&quot;:&quot;38.0.5&quot;,&quot;maxVersion&quot;:&quot;38.0.5&quot;}],&quot;targetPlatforms&quot;:[]}
1435768879074	addons.xpi	DEBUG	getModTime: Recursive scan of {972ce4c6-7e08-4474-a285-3208198ce6fd}
1435768879077	addons.xpi	DEBUG	Updating database with changes to installed add-ons
1435768879077	addons.xpi-utils	DEBUG	Updating add-on states
1435768879078	addons.xpi-utils	DEBUG	Writing add-ons list
1435768879082	addons.xpi	DEBUG	Registering manifest for C:\Program Files (x86)\Mozilla Firefox\browser\extensions\{82AF8DCA-6DE9-405D-BD5E-43525BDAD38A}.xpi
1435768879083	addons.xpi	DEBUG	Calling bootstrap method startup on {82AF8DCA-6DE9-405D-BD5E-43525BDAD38A} version 7.4.0.9058
1435768879266	addons.manager	DEBUG	Registering shutdown blocker for XPIProvider
1435768879267	addons.manager	DEBUG	Provider finished startup: XPIProvider
1435768879267	addons.manager	DEBUG	Starting provider: LightweightThemeManager
1435768879267	addons.manager	DEBUG	Registering shutdown blocker for LightweightThemeManager
1435768879267	addons.manager	DEBUG	Provider finished startup: LightweightThemeManager
1435768879268	addons.manager	DEBUG	Starting provider: GMPProvider
1435768879272	addons.manager	DEBUG	Registering shutdown blocker for GMPProvider
1435768879273	addons.manager	DEBUG	Provider finished startup: GMPProvider
1435768879273	addons.manager	DEBUG	Starting provider: PluginProvider
1435768879274	addons.manager	DEBUG	Registering shutdown blocker for PluginProvider
1435768879275	addons.manager	DEBUG	Provider finished startup: PluginProvider
1435768879275	addons.manager	DEBUG	Completed startup sequence

Build info: version: &#039;2.46.0&#039;, revision: &#039;61506a4624b13675f24581e453592342b7485d71&#039;, time: &#039;2015-06-04 10:22:50&#039;
System info: host: &#039;Eugenio-PC&#039;, ip: &#039;192.168.56.1&#039;, os.name: &#039;Windows 7&#039;, os.arch: &#039;amd64&#039;, os.version: &#039;6.1&#039;, java.version: &#039;1.8.0_20&#039;
Driver info: driver.version: FirefoxDriver">
      <![CDATA[org.openqa.selenium.WebDriverException: Failed to connect to binary FirefoxBinary(C:\Program Files (x86)\Mozilla Firefox\firefox.exe) on port 7055; process output follows: 
all","description":"Skype Click to Call","creator":"Microsoft Corporation","homepageURL":"https://support.skype.com/category/SKYPE_CALLS_FROM_BROWSERS/"},"visible":true,"active":true,"userDisabled":false,"appDisabled":false,"descriptor":"C:\\Program Files (x86)\\Mozilla Firefox\\browser\\extensions\\{82AF8DCA-6DE9-405D-BD5E-43525BDAD38A}.xpi","installDate":1430489838000,"updateDate":1430489838000,"applyBackgroundUpdates":1,"bootstrap":true,"size":319626,"sourceURI":null,"releaseNotesURI":null,"softDisabled":false,"foreignInstall":true,"hasBinaryComponents":false,"strictCompatibility":false,"locales":[],"targetApplications":[{"id":"{ec8030f7-c20a-464f-9b0e-13a3a9e97384}","minVersion":"21.0","maxVersion":"25.0a1"}],"targetPlatforms":[],"multiprocessCompatible":false}
1435768879032	addons.xpi	DEBUG	getModTime: Recursive scan of {82AF8DCA-6DE9-405D-BD5E-43525BDAD38A}
1435768879037	addons.xpi	DEBUG	Loading bootstrap scope from C:\Program Files (x86)\Mozilla Firefox\browser\extensions\{82AF8DCA-6DE9-405D-BD5E-43525BDAD38A}.xpi
1435768879044	addons.xpi	DEBUG	Calling bootstrap method install on {82AF8DCA-6DE9-405D-BD5E-43525BDAD38A} version 7.4.0.9058
1435768879045	addons.xpi	DEBUG	New add-on {972ce4c6-7e08-4474-a285-3208198ce6fd} installed in app-global
1435768879074	addons.xpi-utils	DEBUG	Make addon app-global:{972ce4c6-7e08-4474-a285-3208198ce6fd} visible
1435768879074	DeferredSave.extensions.json	DEBUG	Save changes
1435768879074	DeferredSave.extensions.json	DEBUG	Save changes
1435768879074	addons.xpi	DEBUG	Updating XPIState for {"id":"{972ce4c6-7e08-4474-a285-3208198ce6fd}","syncGUID":"H0vlNVrMPsyp","location":"app-global","version":"38.0.5","type":"theme","internalName":"classic/1.0","updateURL":null,"updateKey":null,"optionsURL":null,"optionsType":null,"aboutURL":null,"iconURL":null,"icon64URL":null,"defaultLocale":{"name":"Default","description":"The default theme.","creator":"Mozilla","homepageURL":null,"contributors":["Mozilla Contributors"]},"visible":true,"active":true,"userDisabled":false,"appDisabled":false,"descriptor":"C:\\Program Files (x86)\\Mozilla Firefox\\browser\\extensions\\{972ce4c6-7e08-4474-a285-3208198ce6fd}","installDate":1433783789296,"updateDate":1433783789296,"applyBackgroundUpdates":1,"skinnable":true,"size":3175,"sourceURI":null,"releaseNotesURI":null,"softDisabled":false,"foreignInstall":false,"hasBinaryComponents":false,"strictCompatibility":true,"locales":[],"targetApplications":[{"id":"{ec8030f7-c20a-464f-9b0e-13a3a9e97384}","minVersion":"38.0.5","maxVersion":"38.0.5"}],"targetPlatforms":[]}
1435768879074	addons.xpi	DEBUG	getModTime: Recursive scan of {972ce4c6-7e08-4474-a285-3208198ce6fd}
1435768879077	addons.xpi	DEBUG	Updating database with changes to installed add-ons
1435768879077	addons.xpi-utils	DEBUG	Updating add-on states
1435768879078	addons.xpi-utils	DEBUG	Writing add-ons list
1435768879082	addons.xpi	DEBUG	Registering manifest for C:\Program Files (x86)\Mozilla Firefox\browser\extensions\{82AF8DCA-6DE9-405D-BD5E-43525BDAD38A}.xpi
1435768879083	addons.xpi	DEBUG	Calling bootstrap method startup on {82AF8DCA-6DE9-405D-BD5E-43525BDAD38A} version 7.4.0.9058
1435768879266	addons.manager	DEBUG	Registering shutdown blocker for XPIProvider
1435768879267	addons.manager	DEBUG	Provider finished startup: XPIProvider
1435768879267	addons.manager	DEBUG	Starting provider: LightweightThemeManager
1435768879267	addons.manager	DEBUG	Registering shutdown blocker for LightweightThemeManager
1435768879267	addons.manager	DEBUG	Provider finished startup: LightweightThemeManager
1435768879268	addons.manager	DEBUG	Starting provider: GMPProvider
1435768879272	addons.manager	DEBUG	Registering shutdown blocker for GMPProvider
1435768879273	addons.manager	DEBUG	Provider finished startup: GMPProvider
1435768879273	addons.manager	DEBUG	Starting provider: PluginProvider
1435768879274	addons.manager	DEBUG	Registering shutdown blocker for PluginProvider
1435768879275	addons.manager	DEBUG	Provider finished startup: PluginProvider
1435768879275	addons.manager	DEBUG	Completed startup sequence

Build info: version: '2.46.0', revision: '61506a4624b13675f24581e453592342b7485d71', time: '2015-06-04 10:22:50'
System info: host: 'Eugenio-PC', ip: '192.168.56.1', os.name: 'Windows 7', os.arch: 'amd64', os.version: '6.1', java.version: '1.8.0_20'
Driver info: driver.version: FirefoxDriver
	at org.openqa.selenium.firefox.internal.NewProfileExtensionConnection.start(NewProfileExtensionConnection.java:132)
	at org.openqa.selenium.firefox.FirefoxDriver.startClient(FirefoxDriver.java:275)
	at org.openqa.selenium.remote.RemoteWebDriver.<init>(RemoteWebDriver.java:116)
	at org.openqa.selenium.firefox.FirefoxDriver.<init>(FirefoxDriver.java:220)
	at org.openqa.selenium.firefox.FirefoxDriver.<init>(FirefoxDriver.java:215)
	at org.openqa.selenium.firefox.FirefoxDriver.<init>(FirefoxDriver.java:211)
	at org.openqa.selenium.firefox.FirefoxDriver.<init>(FirefoxDriver.java:128)
	at insynctive.tests.TestSauceLabs.startTest(TestSauceLabs.java:73)
	at insynctive.tests.CreateChecklistsTest.createChecklistTest(CreateChecklistsTest.java:50)
	at sun.reflect.NativeMethodAccessorImpl.invoke0(Native Method)
	at sun.reflect.NativeMethodAccessorImpl.invoke(Unknown Source)
	at sun.reflect.DelegatingMethodAccessorImpl.invoke(Unknown Source)
	at java.lang.reflect.Method.invoke(Unknown Source)
	at org.testng.internal.MethodInvocationHelper.invokeMethod(MethodInvocationHelper.java:80)
	at org.testng.internal.Invoker.invokeMethod(Invoker.java:673)
	at org.testng.internal.Invoker.invokeTestMethod(Invoker.java:842)
	at org.testng.internal.TestMethodWithDataProviderMethodWorker.call(TestMethodWithDataProviderMethodWorker.java:73)
	at org.testng.internal.TestMethodWithDataProviderMethodWorker.call(TestMethodWithDataProviderMethodWorker.java:14)
	at java.util.concurrent.FutureTask.run(Unknown Source)
	at java.util.concurrent.ThreadPoolExecutor.runWorker(Unknown Source)
	at java.util.concurrent.ThreadPoolExecutor$Worker.run(Unknown Source)
	at java.lang.Thread.run(Unknown Source)
Caused by: org.openqa.selenium.firefox.NotConnectedException: Unable to connect to host 127.0.0.1 on port 7055 after 45000 ms. Firefox console output:
all","description":"Skype Click to Call","creator":"Microsoft Corporation","homepageURL":"https://support.skype.com/category/SKYPE_CALLS_FROM_BROWSERS/"},"visible":true,"active":true,"userDisabled":false,"appDisabled":false,"descriptor":"C:\\Program Files (x86)\\Mozilla Firefox\\browser\\extensions\\{82AF8DCA-6DE9-405D-BD5E-43525BDAD38A}.xpi","installDate":1430489838000,"updateDate":1430489838000,"applyBackgroundUpdates":1,"bootstrap":true,"size":319626,"sourceURI":null,"releaseNotesURI":null,"softDisabled":false,"foreignInstall":true,"hasBinaryComponents":false,"strictCompatibility":false,"locales":[],"targetApplications":[{"id":"{ec8030f7-c20a-464f-9b0e-13a3a9e97384}","minVersion":"21.0","maxVersion":"25.0a1"}],"targetPlatforms":[],"multiprocessCompatible":false}
1435768879032	addons.xpi	DEBUG	getModTime: Recursive scan of {82AF8DCA-6DE9-405D-BD5E-43525BDAD38A}
1435768879037	addons.xpi	DEBUG	Loading bootstrap scope from C:\Program Files (x86)\Mozilla Firefox\browser\extensions\{82AF8DCA-6DE9-405D-BD5E-43525BDAD38A}.xpi
1435768879044	addons.xpi	DEBUG	Calling bootstrap method install on {82AF8DCA-6DE9-405D-BD5E-43525BDAD38A} version 7.4.0.9058
1435768879045	addons.xpi	DEBUG	New add-on {972ce4c6-7e08-4474-a285-3208198ce6fd} installed in app-global
1435768879074	addons.xpi-utils	DEBUG	Make addon app-global:{972ce4c6-7e08-4474-a285-3208198ce6fd} visible
1435768879074	DeferredSave.extensions.json	DEBUG	Save changes
1435768879074	DeferredSave.extensions.json	DEBUG	Save changes
1435768879074	addons.xpi	DEBUG	Updating XPIState for {"id":"{972ce4c6-7e08-4474-a285-3208198ce6fd}","syncGUID":"H0vlNVrMPsyp","location":"app-global","version":"38.0.5","type":"theme","internalName":"classic/1.0","updateURL":null,"updateKey":null,"optionsURL":null,"optionsType":null,"aboutURL":null,"iconURL":null,"icon64URL":null,"defaultLocale":{"name":"Default","description":"The default theme.","creator":"Mozilla","homepageURL":null,"contributors":["Mozilla Contributors"]},"visible":true,"active":true,"userDisabled":false,"appDisabled":false,"descriptor":"C:\\Program Files (x86)\\Mozilla Firefox\\browser\\extensions\\{972ce4c6-7e08-4474-a285-3208198ce6fd}","installDate":1433783789296,"updateDate":1433783789296,"applyBackgroundUpdates":1,"skinnable":true,"size":3175,"sourceURI":null,"releaseNotesURI":null,"softDisabled":false,"foreignInstall":false,"hasBinaryComponents":false,"strictCompatibility":true,"locales":[],"targetApplications":[{"id":"{ec8030f7-c20a-464f-9b0e-13a3a9e97384}","minVersion":"38.0.5","maxVersion":"38.0.5"}],"targetPlatforms":[]}
1435768879074	addons.xpi	DEBUG	getModTime: Recursive scan of {972ce4c6-7e08-4474-a285-3208198ce6fd}
1435768879077	addons.xpi	DEBUG	Updating database with changes to installed add-ons
1435768879077	addons.xpi-utils	DEBUG	Updating add-on states
1435768879078	addons.xpi-utils	DEBUG	Writing add-ons list
1435768879082	addons.xpi	DEBUG	Registering manifest for C:\Program Files (x86)\Mozilla Firefox\browser\extensions\{82AF8DCA-6DE9-405D-BD5E-43525BDAD38A}.xpi
1435768879083	addons.xpi	DEBUG	Calling bootstrap method startup on {82AF8DCA-6DE9-405D-BD5E-43525BDAD38A} version 7.4.0.9058
1435768879266	addons.manager	DEBUG	Registering shutdown blocker for XPIProvider
1435768879267	addons.manager	DEBUG	Provider finished startup: XPIProvider
1435768879267	addons.manager	DEBUG	Starting provider: LightweightThemeManager
1435768879267	addons.manager	DEBUG	Registering shutdown blocker for LightweightThemeManager
1435768879267	addons.manager	DEBUG	Provider finished startup: LightweightThemeManager
1435768879268	addons.manager	DEBUG	Starting provider: GMPProvider
1435768879272	addons.manager	DEBUG	Registering shutdown blocker for GMPProvider
1435768879273	addons.manager	DEBUG	Provider finished startup: GMPProvider
1435768879273	addons.manager	DEBUG	Starting provider: PluginProvider
1435768879274	addons.manager	DEBUG	Registering shutdown blocker for PluginProvider
1435768879275	addons.manager	DEBUG	Provider finished startup: PluginProvider
1435768879275	addons.manager	DEBUG	Completed startup sequence

	at org.openqa.selenium.firefox.internal.NewProfileExtensionConnection.start(NewProfileExtensionConnection.java:120)
	... 21 more
]]>
    </failure>
  </testcase>
</testsuite>
