<?xml version="1.0" encoding="UTF-8"?>
<!-- Generated by org.testng.reporters.JUnitReportReporter -->
<testsuite hostname="Eugenio-PC" name="insynctive.tests.InstallAppTest" tests="1" failures="1" timestamp="25 Jun 2015 13:35:09 GMT" time="66,540" errors="0">
  <testcase name="marketInstallTest" time="66,540" classname="insynctive.tests.InstallAppTest">
    <failure type="org.openqa.selenium.remote.UnreachableBrowserException" message="Error communicating with the remote browser. It may have died.
Build info: version: &#039;2.46.0&#039;, revision: &#039;61506a4624b13675f24581e453592342b7485d71&#039;, time: &#039;2015-06-04 10:22:50&#039;
System info: host: &#039;Eugenio-PC&#039;, ip: &#039;192.168.56.1&#039;, os.name: &#039;Windows 7&#039;, os.arch: &#039;amd64&#039;, os.version: &#039;6.1&#039;, java.version: &#039;1.8.0_20&#039;
Driver info: driver.version: RemoteWebDriver">
      <![CDATA[org.openqa.selenium.remote.UnreachableBrowserException: Error communicating with the remote browser. It may have died.
Build info: version: '2.46.0', revision: '61506a4624b13675f24581e453592342b7485d71', time: '2015-06-04 10:22:50'
System info: host: 'Eugenio-PC', ip: '192.168.56.1', os.name: 'Windows 7', os.arch: 'amd64', os.version: '6.1', java.version: '1.8.0_20'
Driver info: driver.version: RemoteWebDriver
	at org.openqa.selenium.remote.RemoteWebDriver.execute(RemoteWebDriver.java:599)
	at org.openqa.selenium.remote.RemoteWebDriver.findElement(RemoteWebDriver.java:358)
	at org.openqa.selenium.remote.RemoteWebDriver.findElementById(RemoteWebDriver.java:399)
	at org.openqa.selenium.By$ById.findElement(By.java:215)
	at org.openqa.selenium.remote.RemoteWebDriver.findElement(RemoteWebDriver.java:350)
	at org.openqa.selenium.support.pagefactory.DefaultElementLocator.findElement(DefaultElementLocator.java:69)
	at org.openqa.selenium.support.pagefactory.internal.LocatingElementHandler.invoke(LocatingElementHandler.java:38)
	at com.sun.proxy.$Proxy6.isDisplayed(Unknown Source)
	at org.openqa.selenium.support.ui.ExpectedConditions.elementIfVisible(ExpectedConditions.java:302)
	at org.openqa.selenium.support.ui.ExpectedConditions.access$100(ExpectedConditions.java:41)
	at org.openqa.selenium.support.ui.ExpectedConditions$10.apply(ExpectedConditions.java:288)
	at org.openqa.selenium.support.ui.ExpectedConditions$10.apply(ExpectedConditions.java:285)
	at org.openqa.selenium.support.ui.FluentWait.until(FluentWait.java:209)
	at insynctive.pages.Page.waitUntilIsLoaded(Page.java:83)
	at insynctive.pages.insynctive.MarketPage.installApp(MarketPage.java:122)
	at insynctive.pages.insynctive.MarketPage.installApp(MarketPage.java:68)
	at insynctive.tests.InstallAppTest.marketInstallTest(InstallAppTest.java:50)
	at sun.reflect.NativeMethodAccessorImpl.invoke0(Native Method)
	at sun.reflect.NativeMethodAccessorImpl.invoke(Unknown Source)
	at sun.reflect.DelegatingMethodAccessorImpl.invoke(Unknown Source)
	at java.lang.reflect.Method.invoke(Unknown Source)
	at org.testng.internal.MethodInvocationHelper.invokeMethod(MethodInvocationHelper.java:80)
	at org.testng.internal.Invoker.invokeMethod(Invoker.java:673)
	at org.testng.internal.Invoker.invokeTestMethod(Invoker.java:842)
	at org.testng.internal.TestMethodWithDataProviderMethodWorker.call(TestMethodWithDataProviderMethodWorker.java:73)
	at org.testng.internal.TestMethodWithDataProviderMethodWorker.call(TestMethodWithDataProviderMethodWorker.java:14)
	at java.util.concurrent.FutureTask.run(Unknown Source)
	at java.util.concurrent.ThreadPoolExecutor.runWorker(Unknown Source)
	at java.util.concurrent.ThreadPoolExecutor$Worker.run(Unknown Source)
	at java.lang.Thread.run(Unknown Source)
Caused by: org.apache.http.conn.HttpHostConnectException: Connect to 127.0.0.1:7056 [/127.0.0.1] failed: Connection refused: connect
	at org.apache.http.impl.conn.DefaultHttpClientConnectionOperator.connect(DefaultHttpClientConnectionOperator.java:151)
	at org.apache.http.impl.conn.PoolingHttpClientConnectionManager.connect(PoolingHttpClientConnectionManager.java:353)
	at org.apache.http.impl.execchain.MainClientExec.establishRoute(MainClientExec.java:380)
	at org.apache.http.impl.execchain.MainClientExec.execute(MainClientExec.java:236)
	at org.apache.http.impl.execchain.ProtocolExec.execute(ProtocolExec.java:184)
	at org.apache.http.impl.execchain.RetryExec.execute(RetryExec.java:88)
	at org.apache.http.impl.execchain.RedirectExec.execute(RedirectExec.java:110)
	at org.apache.http.impl.client.InternalHttpClient.doExecute(InternalHttpClient.java:184)
	at org.apache.http.impl.client.CloseableHttpClient.execute(CloseableHttpClient.java:71)
	at org.apache.http.impl.client.CloseableHttpClient.execute(CloseableHttpClient.java:55)
	at org.openqa.selenium.remote.internal.ApacheHttpClient.fallBackExecute(ApacheHttpClient.java:143)
	at org.openqa.selenium.remote.internal.ApacheHttpClient.execute(ApacheHttpClient.java:89)
	at org.openqa.selenium.remote.HttpCommandExecutor.execute(HttpCommandExecutor.java:134)
	at org.openqa.selenium.firefox.internal.NewProfileExtensionConnection.execute(NewProfileExtensionConnection.java:168)
	at org.openqa.selenium.firefox.FirefoxDriver$LazyCommandExecutor.execute(FirefoxDriver.java:392)
	at org.openqa.selenium.remote.RemoteWebDriver.execute(RemoteWebDriver.java:578)
	... 29 more
Caused by: java.net.ConnectException: Connection refused: connect
	at java.net.DualStackPlainSocketImpl.waitForConnect(Native Method)
	at java.net.DualStackPlainSocketImpl.socketConnect(Unknown Source)
	at java.net.AbstractPlainSocketImpl.doConnect(Unknown Source)
	at java.net.AbstractPlainSocketImpl.connectToAddress(Unknown Source)
	at java.net.AbstractPlainSocketImpl.connect(Unknown Source)
	at java.net.PlainSocketImpl.connect(Unknown Source)
	at java.net.SocksSocketImpl.connect(Unknown Source)
	at java.net.Socket.connect(Unknown Source)
	at org.apache.http.conn.socket.PlainConnectionSocketFactory.connectSocket(PlainConnectionSocketFactory.java:74)
	at org.apache.http.impl.conn.DefaultHttpClientConnectionOperator.connect(DefaultHttpClientConnectionOperator.java:134)
	... 44 more
]]>
    </failure>
  </testcase>
</testsuite>
